[2025-11-26 18:27:18] To: dybawejofy@mailinator.com | Subject: Welcome to Attendance App - Your Credentials | Message: Hello Ariel Fernandez,

Your organization has been registered.

Login Details:
Email: dybawejofy@mailinator.com
Password: 7b316a09

Login here: http://localhost/attendanceAppPHP/org/index.php
--------------------------------------------------
[2025-11-29 15:18:46] To: lofa@mailinator.com | Subject: Welcome to Attendance App - Your Credentials | Message: Hello Bree Guerra,

Your organization has been registered.

Login Details:
Email: lofa@mailinator.com
Password: f43636f2

Login here: http://localhost/attendanceAppPHP/org/index.php
--------------------------------------------------
[2025-12-08 15:21:43] To: moonbr3@gmail.com | Subject: Welcome to Attendance App - Your Credentials | Message: Hello Narzary,

Your organization has been registered.

Login Details:
Email: moonbr3@gmail.com
Password: fc16ea15

Login here: http://localhost/attendanceAppPHP/org/index.php
--------------------------------------------------
[2025-12-25 11:11:27] To: test@test.com | Subject: Welcome to Attendance App - Your Credentials | Message: Hello Jason Velazquez,

Your organization has been registered.

Login Details:
Email: test@test.com
Password: de69ac11

Login here: http://localhost/attendanceAppPHP/org/index.php
--------------------------------------------------
